2025-02-25 16:27:24,782 - INFO - Created virtual environment: D:\Dashboard\env\windows\venv
2025-02-25 16:45:16,810 - INFO - Removed virtual environment folder: D:\Dashboard\env\windows
2025-02-25 16:45:54,676 - INFO - Created virtual environment: D:\Dashboard\env\windows\venv
2025-02-25 21:24:40,823 - INFO - Application started.
2025-02-25 21:24:56,149 - INFO - Removed virtual environment folder: D:\Dashboard\env\windows
2025-02-25 21:28:06,829 - INFO - Created virtual environment: D:\Dashboard\env\windows\venv
2025-02-25 21:29:02,875 - INFO - Removed virtual environment folder: D:\Dashboard\env\windows
2025-02-25 21:31:05,691 - INFO - Created virtual environment: D:\Dashboard\env\windows\venv
2025-02-25 21:47:47,921 - INFO - Application started.
2025-02-25 21:57:05,477 - INFO - Removed virtual environment folder: D:\Dashboard\env\windows
2025-02-25 21:57:15,509 - INFO - Created virtual environment: D:\Dashboard\env\windows\venv
2025-02-25 22:00:58,610 - INFO - Removed virtual environment folder: D:\Dashboard\env\windows
2025-02-25 22:01:07,700 - INFO - Created virtual environment: D:\Dashboard\env\windows\venv
2025-02-25 22:03:10,439 - INFO - Removed virtual environment folder: D:\Dashboard\env\windows
2025-02-25 22:03:19,812 - INFO - Created virtual environment: D:\Dashboard\env\windows\venv
2025-02-25 22:05:10,348 - INFO - Removed virtual environment folder: D:\Dashboard\env\windows
2025-02-25 22:05:21,818 - INFO - Created virtual environment: D:\Dashboard\env\windows\venv
2025-02-25 22:08:24,959 - INFO - Removed virtual environment folder: D:\Dashboard\env\windows
2025-02-25 22:08:56,101 - INFO - Created virtual environment: D:\Dashboard\env\windows\venv
2025-02-25 23:21:46,770 - INFO - Exiting the application.
2025-02-25 23:21:55,443 - INFO - Application started.
2025-02-25 23:21:57,158 - INFO - Flask application started.
2025-02-25 23:23:39,713 - INFO - Application started.
2025-02-25 23:23:40,872 - INFO - Flask application started.
2025-02-25 23:24:14,470 - INFO - Application started.
2025-02-25 23:24:16,597 - INFO - Flask application started.
2025-02-26 13:58:36,619 - INFO - Application started.
2025-02-26 13:58:38,994 - INFO - Flask application started.
